[2025-08-07T14:23:35.463Z] INFO: Server is running at http://localhost:3001
[2025-08-07T14:25:03.479Z] INFO: Server is running at http://localhost:3001
[2025-08-07T14:25:06.086Z] INFO: Server is running at http://localhost:3001
[2025-08-07T14:27:47.136Z] INFO: Server is running at http://localhost:3001
[2025-08-07T14:28:15.878Z] WARN: 4648
[2025-08-07T14:28:51.502Z] INFO: Server is running at http://localhost:3001
[2025-08-07T14:29:18.874Z] INFO: 1082
[2025-08-07T14:30:14.567Z] INFO: Server is running at http://localhost:3001
[2025-08-07T14:30:27.594Z] INFO: Server is running at http://localhost:3001
[2025-08-07T14:30:38.943Z] INFO: Server is running at http://localhost:3001
[2025-08-07T14:30:47.073Z] INFO: Server is running at http://localhost:3001
[2025-08-07T14:30:52.117Z] INFO: Server is running at http://localhost:3001
[2025-08-07T14:31:07.642Z] INFO: Server is running at http://localhost:3001
[2025-08-07T14:31:14.782Z] INFO: Server is running at http://localhost:3001
[2025-08-07T14:31:25.242Z] INFO: Server is running at http://localhost:3001
[2025-08-07T14:31:30.918Z] INFO: Server is running at http://localhost:3001
[2025-08-07T14:31:50.859Z] INFO: Server is running at http://localhost:3001
[2025-08-07T14:32:09.332Z] INFO: Server is running at http://localhost:3001
[2025-08-07T14:32:18.722Z] INFO: Server is running at http://localhost:3001
[2025-08-07T14:32:23.309Z] INFO: Server is running at http://localhost:3001
[2025-08-07T14:32:27.623Z] INFO: Server is running at http://localhost:3001
[2025-08-07T14:32:34.289Z] INFO: Server is running at http://localhost:3001
[2025-08-07T14:32:39.455Z] INFO: Server is running at http://localhost:3001
[2025-08-07T14:32:47.611Z] INFO: Server is running at http://localhost:3001
[2025-08-07T14:33:02.262Z] INFO: Server is running at http://localhost:3001
[2025-08-07T14:33:09.408Z] INFO: Server is running at http://localhost:3001
[2025-08-07T14:33:19.902Z] INFO: Server is running at http://localhost:3001
[2025-08-07T14:33:22.019Z] INFO: Server is running at http://localhost:3001
[2025-08-07T14:33:25.394Z] INFO: Server is running at http://localhost:3001
[2025-08-07T14:33:31.353Z] INFO: Server is running at http://localhost:3001
[2025-08-07T14:33:59.057Z] INFO: Server is running at http://localhost:3001
[2025-08-07T14:34:05.715Z] INFO: Server is running at http://localhost:3001
[2025-08-07T14:34:15.563Z] INFO: Server is running at http://localhost:3001
[2025-08-07T14:34:41.423Z] INFO: Server is running at http://localhost:3001
[2025-08-07T14:34:50.488Z] INFO: Server is running at http://localhost:3001
[2025-08-07T14:34:55.811Z] INFO: Server is running at http://localhost:3001
[2025-08-07T14:35:00.987Z] INFO: Server is running at http://localhost:3001
[2025-08-07T14:35:05.940Z] INFO: Server is running at http://localhost:3001
[2025-08-07T14:35:14.575Z] INFO: Server is running at http://localhost:3001
[2025-08-07T14:36:04.481Z] INFO: Server is running at http://localhost:3001
[2025-08-07T16:20:41.316Z] INFO: Server is running at http://localhost:3001
[2025-08-07T16:22:34.696Z] INFO: 2443
[2025-08-07T18:45:22.064Z] INFO: Server is running at http://localhost:3001
[2025-08-07T19:26:30.853Z] INFO: Server is running at http://localhost:3001
[2025-08-07T19:30:50.729Z] INFO: Server is running at http://localhost:3001
[2025-08-08T11:06:53.658Z] INFO: Server is running at http://localhost:3001
[2025-08-08T11:16:58.700Z] INFO: Server is running at http://localhost:3001
[2025-08-08T11:19:37.502Z] INFO: Server is running at http://localhost:3001
[2025-08-08T11:21:04.161Z] INFO: Server is running at http://localhost:3001
[2025-08-08T11:21:35.119Z] INFO: Server is running at http://localhost:3001
[2025-08-08T11:21:41.320Z] INFO: Server is running at http://localhost:3001
[2025-08-08T11:24:40.545Z] ERROR: delete product error
[2025-08-08T11:24:41.582Z] ERROR: delete product error
[2025-08-08T11:24:42.700Z] ERROR: delete product error
[2025-08-08T11:24:48.179Z] ERROR: delete product error
[2025-08-08T11:24:51.728Z] ERROR: delete product error
[2025-08-08T11:24:51.735Z] ERROR: delete product error
[2025-08-08T11:24:55.671Z] ERROR: product list page error
[2025-08-08T11:25:05.648Z] ERROR: delete product error
[2025-08-08T11:25:36.451Z] INFO: Server is running at http://localhost:3001
[2025-08-08T11:30:05.753Z] INFO: Server is running at http://localhost:3001
[2025-08-08T11:34:35.235Z] INFO: Server is running at http://localhost:3001
[2025-08-08T11:34:46.296Z] INFO: Server is running at http://localhost:3001
[2025-08-08T11:34:51.047Z] INFO: Server is running at http://localhost:3001
[2025-08-08T11:34:55.690Z] INFO: Server is running at http://localhost:3001
[2025-08-08T11:35:00.206Z] INFO: Server is running at http://localhost:3001
[2025-08-08T11:35:51.607Z] INFO: Server is running at http://localhost:3001
[2025-08-08T11:36:11.009Z] INFO: Server is running at http://localhost:3001
[2025-08-08T11:36:14.311Z] INFO: Server is running at http://localhost:3001
[2025-08-08T11:36:17.752Z] INFO: Server is running at http://localhost:3001
[2025-08-08T11:36:28.054Z] INFO: Server is running at http://localhost:3001
[2025-08-08T11:36:34.050Z] INFO: Server is running at http://localhost:3001
[2025-08-08T12:05:20.303Z] ERROR:  cart updated error
[2025-08-08T12:30:41.109Z] ERROR: Razorpay Order Creation Failed:
[2025-08-09T04:56:36.547Z] INFO: 8470
[2025-08-09T04:57:01.899Z] INFO: Session OTP:
[2025-08-09T04:57:01.901Z] INFO: Submitted OTP:
[2025-08-09T05:00:47.434Z] INFO: 8849
[2025-08-09T05:01:00.117Z] INFO: Session OTP:
[2025-08-09T05:01:00.119Z] INFO: Submitted OTP:
[2025-08-09T05:28:32.602Z] INFO: Server is running at http://localhost:3001
[2025-08-09T05:28:37.276Z] INFO: Server is running at http://localhost:3001
[2025-08-09T05:28:41.459Z] INFO: Server is running at http://localhost:3001
[2025-08-09T05:28:48.422Z] INFO: Server is running at http://localhost:3001
[2025-08-09T05:28:56.168Z] INFO: Server is running at http://localhost:3001
[2025-08-09T05:29:45.785Z] INFO: Server is running at http://localhost:3001
[2025-08-09T05:29:47.945Z] INFO: Server is running at http://localhost:3001
